Source author global walk: 8423
Pairwise authors walk author_395340: 10
Target author global walk: 876
Sim score Jiawei Han - Didier Dubois: 0.0021507688998817077
***Stage done in: 78.33544401237285
---
Pairwise authors walk author_1495402: 0
Target author global walk: 3
Sim score Jiawei Han - Salem Benferhat: 0.0
***Stage done in: 122.45142081136805
---
Pairwise authors walk author_635451: 10
Target author global walk: 1295
Sim score Jiawei Han - Henri Prade: 0.0020580366330520683
***Stage done in: 114.01668999511196
---
Pairwise authors walk author_735035: 0
Target author global walk: 244
Sim score Jiawei Han - James F. Allen: 0.0
***Stage done in: 137.3122484601302
---
Pairwise authors walk author_1238349: 0
Target author global walk: 125
Sim score Jiawei Han - Nathan Goodman: 0.0
***Stage done in: 69.51229137506107
---
Pairwise authors walk author_1274271: 10
Target author global walk: 1066
Sim score Jiawei Han - Oded Shmueli: 0.0021077036568658445
***Stage done in: 64.27371739523687
---
Pairwise authors walk author_606482: 1
Target author global walk: 625
Sim score Jiawei Han - Haizhou Li: 0.00022104332449160034
***Stage done in: 98.83610409404594
---
Pairwise authors walk author_984190: 0
Target author global walk: 52
Sim score Jiawei Han - Leonard McMillan: 0.0
***Stage done in: 62.025861538086474
---
Pairwise authors walk author_804589: 10
Target author global walk: 1164
Sim score Jiawei Han - Joachim Biskup: 0.002086158339417962
***Stage done in: 58.68394500474062
---
Pairwise authors walk author_1634824: 0
Target author global walk: 43
Sim score Jiawei Han - Suzanne M. Embury: 0.0
***Stage done in: 70.8358770105549
---
Pairwise authors walk author_6354455: 0
Target author global walk: 5
Sim score Jiawei Han - Robert Balzer: 0.0
***Stage done in: 53.929025824653195
---
Pairwise authors walk author_1450923: 0
Target author global walk: 351
Sim score Jiawei Han - Roland H. C. Yap: 0.0
***Stage done in: 76.34009056397531
---
Pairwise authors walk author_1419632: 13
Target author global walk: 3054
Sim score Jiawei Han - Ricardo A. Baeza-Yates: 0.00226540036594929
***Stage done in: 60.190806582598725
---
Pairwise authors walk author_509540: 0
Target author global walk: 553
Sim score Jiawei Han - Francesca Rossi: 0.0
***Stage done in: 94.07861771584794
---
Pairwise authors walk author_787974: 0
Target author global walk: 454
Sim score Jiawei Han - Jianwen Su: 0.0
***Stage done in: 108.9243834426627
---
Pairwise authors walk author_1369043: 32
Target author global walk: 4129
Sim score Jiawei Han - Qing Li: 0.005098789037603569
***Stage done in: 89.48926421100032
---
Pairwise authors walk author_1655793: 0
Target author global walk: 372
Sim score Jiawei Han - Takeo Kanade: 0.0
***Stage done in: 83.78054369176152
---
Pairwise authors walk author_1854636: 0
Target author global walk: 120
Sim score Jiawei Han - Ying-li Tian: 0.0
***Stage done in: 80.21493227908445
---
Pairwise authors walk author_413435: 0
Target author global walk: 643
Sim score Jiawei Han - Dongmo Zhang: 0.0
***Stage done in: 153.69527640679507
---
Pairwise authors walk author_1241570: 0
Target author global walk: 60
Sim score Jiawei Han - Nebojsa Jojic: 0.0
***Stage done in: 57.31741364733284
---
Pairwise authors walk author_1684672: 10
Target author global walk: 1350
Sim score Jiawei Han - Thomas S. Huang: 0.0020464545175483476
***Stage done in: 113.15767163727196
---
Pairwise authors walk author_552086: 0
Target author global walk: 250
Sim score Jiawei Han - George W. Ernst: 0.0
***Stage done in: 266.71539061567864
---
Pairwise authors walk author_7169720: 0
Target author global walk: 22
Sim score Jiawei Han - Hans W. Guesgen: 0.0
***Stage done in: 60.86406615442411
---
Pairwise authors walk author_693262: 0
Target author global walk: 343
Sim score Jiawei Han - Ingrid Zukerman: 0.0
***Stage done in: 133.28259032983578
---
Pairwise authors walk author_822929: 12
Target author global walk: 2132
Sim score Jiawei Han - John Mylopoulos: 0.0022738038844149692
***Stage done in: 85.4031068742147
---
Pairwise authors walk author_62660: 11
Target author global walk: 1399
Sim score Jiawei Han - Alexander Borgida: 0.002239869680309509
***Stage done in: 181.05540965476894
---
Pairwise authors walk author_84844: 10
Target author global walk: 1052
Sim score Jiawei Han - Ambuj K. Singh: 0.0021108179419525065
***Stage done in: 73.56675260344173
---
Pairwise authors walk author_26035: 0
Target author global walk: 286
Sim score Jiawei Han - Abraham Bernstein: 0.0
***Stage done in: 104.86209392789033
---
Pairwise authors walk author_969948: 0
Target author global walk: 172
Sim score Jiawei Han - Larry S. Davis: 0.0
***Stage done in: 64.7321986428874
---
Pairwise authors walk author_7489029: 1
Target author global walk: 1452
Sim score Jiawei Han - Daniel S. Weld: 0.00020253164556962027
***Stage done in: 133.37575421868542
---
Pairwise authors walk author_477407: 0
Target author global walk: 151
Sim score Jiawei Han - Eytan Adar: 0.0
***Stage done in: 63.2985358888136
---
Pairwise authors walk author_667989: 0
Target author global walk: 148
Sim score Jiawei Han - Hui Wang: 0.0
***Stage done in: 56.4995570588967
---
Pairwise authors walk author_1368747: 0
Target author global walk: 149
Sim score Jiawei Han - Qin Lu: 0.0
***Stage done in: 56.92288334451632
---
Pairwise authors walk author_6790356: 2
Target author global walk: 1329
Sim score Jiawei Han - Robert W. P. Luk: 0.00041017227235438887
***Stage done in: 215.08665384136748
---
Pairwise authors walk author_1397204: 1
Target author global walk: 754
Sim score Jiawei Han - Ralf Hartmut Güting: 0.00021793614470960008
***Stage done in: 89.75409872871705
---
Pairwise authors walk author_7488283: 0
Target author global walk: 248
Sim score Jiawei Han - Alex Pentland: 0.0
***Stage done in: 101.39639347795674
---
Pairwise authors walk author_640848: 0
Target author global walk: 96
Sim score Jiawei Han - Hidehiko Tanaka: 0.0
***Stage done in: 133.7485669363873
---
Pairwise authors walk author_1854205: 0
Target author global walk: 23
Sim score Jiawei Han - Ying Yang: 0.0
***Stage done in: 152.93374999518892
---
Pairwise authors walk author_978310: 10
Target author global walk: 796
Sim score Jiawei Han - Le Gruenwald: 0.0021694326933506887
***Stage done in: 61.151572456953545
---
Pairwise authors walk author_1402351: 0
Target author global walk: 543
Sim score Jiawei Han - Randall Davis: 0.0
***Stage done in: 108.56898110075235
---
Pairwise authors walk author_283974: 10
Target author global walk: 1192
Sim score Jiawei Han - Chong-Sun Hwang: 0.0020800832033281333
***Stage done in: 297.5855187446514
---
Pairwise authors walk author_1183985: 141
Target author global walk: 11631
Sim score Jiawei Han - Ming-Syan Chen: 0.014062032512217014
***Stage done in: 99.48298702031843
---
Pairwise authors walk author_274645: 0
Target author global walk: 63
Sim score Jiawei Han - Chi-Hung Chi: 0.0
***Stage done in: 67.38976154950433
---
Pairwise authors walk author_615982: 20
Target author global walk: 1687
Sim score Jiawei Han - Hans-Peter Kriegel: 0.003956478733926805
***Stage done in: 58.468336927752716
---
Pairwise authors walk author_1859673: 0
Target author global walk: 175
Sim score Jiawei Han - Yoichi Sato: 0.0
***Stage done in: 72.91155130098286
---
Pairwise authors walk author_1443023: 0
Target author global walk: 120
Sim score Jiawei Han - Roberto Cipolla: 0.0
***Stage done in: 167.99725254634996
---
Pairwise authors walk author_1920494: 0
Target author global walk: 809
Sim score Jiawei Han - Zohar Manna: 0.0
***Stage done in: 61.36652333892289
---
Pairwise authors walk author_674847: 1
Target author global walk: 678
Sim score Jiawei Han - Hyoung-Joo Kim: 0.0002197560707614548
***Stage done in: 55.033018196187186
---
Pairwise authors walk author_837086: 0
Target author global walk: 125
Sim score Jiawei Han - Jörg H. Siekmann: 0.0
***Stage done in: 90.89135530355452
---
Pairwise authors walk author_5857565: 0
Target author global walk: 25
Sim score Jiawei Han - Ann E. Nicholson: 0.0
***Stage done in: 104.06296627489428
---
Pairwise authors walk author_764959: 10
Target author global walk: 1044
Sim score Jiawei Han - Jeffrey D. Ullman: 0.0021126016689553186
***Stage done in: 105.2359509730586
---
Pairwise authors walk author_696960: 0
Target author global walk: 82
Sim score Jiawei Han - Irfan A. Essa: 0.0
***Stage done in: 51.734191717482645
---
Pairwise authors walk author_5951544: 10
Target author global walk: 1282
Sim score Jiawei Han - Abraham Silberschatz: 0.0020607934054611026
***Stage done in: 60.72033288900275
---
Pairwise authors walk author_849621: 0
Target author global walk: 529
Sim score Jiawei Han - Joseph M. Hellerstein: 0.0
***Stage done in: 61.38810621349148
---
Pairwise authors walk author_1314217: 0
Target author global walk: 60
Sim score Jiawei Han - Paul A. Viola: 0.0
***Stage done in: 113.85827263874853
---
Pairwise authors walk author_885519: 0
Target author global walk: 125
Sim score Jiawei Han - K. V. S. Ramarao: 0.0
***Stage done in: 58.39193327594239
---
Pairwise authors walk author_419837: 0
Target author global walk: 22
Sim score Jiawei Han - Duc Nghia Pham: 0.0
***Stage done in: 80.23266435648839
---
Pairwise authors walk author_22611: 0
Target author global walk: 172
Sim score Jiawei Han - Abdul Sattar: 0.0
***Stage done in: 117.80189787914242
---
Pairwise authors walk author_825747: 0
Target author global walk: 22
Sim score Jiawei Han - John Thornton: 0.0
***Stage done in: 73.61609130295892
---
Pairwise authors walk author_352558: 0
Target author global walk: 244
Sim score Jiawei Han - Daniel Oblinger: 0.0
***Stage done in: 81.86133794513808
---
Pairwise authors walk author_977250: 0
Target author global walk: 853
Sim score Jiawei Han - Lawrence D. Bergman: 0.0
***Stage done in: 87.11516308315186
---
Pairwise authors walk author_7007701: 0
Target author global walk: 1116
Sim score Jiawei Han - Tessa A. Lau: 0.0
***Stage done in: 83.95076554078514
---
Pairwise authors walk author_1758464: 0
Target author global walk: 436
Sim score Jiawei Han - Vittorio Castelli: 0.0
***Stage done in: 111.88492512018092
---
Pairwise authors walk author_1446576: 0
Target author global walk: 183
Sim score Jiawei Han - Rodney W. Topor: 0.0
***Stage done in: 101.39578439384786
---
Pairwise authors walk author_1679500: 0
Target author global walk: 1072
Sim score Jiawei Han - Thomas Eiter: 0.0
***Stage done in: 99.17745708827624
---
Pairwise authors walk author_629054: 0
Target author global walk: 342
Sim score Jiawei Han - Heikki Mannila: 0.0
***Stage done in: 111.13267417111274
---
Pairwise authors walk author_519304: 1
Target author global walk: 988
Sim score Jiawei Han - Frank Wm. Tompa: 0.00021251726702794602
***Stage done in: 103.85700860479665
---
Pairwise authors walk author_1003794: 0
Target author global walk: 125
Sim score Jiawei Han - Liuba Shrira: 0.0
***Stage done in: 95.59454274750533
---
Pairwise authors walk author_583864: 0
Target author global walk: 99
Sim score Jiawei Han - Guido Governatori: 0.0
***Stage done in: 102.40285092417889
---
Pairwise authors walk author_579861: 0
Target author global walk: 134
Sim score Jiawei Han - Grigoris Antoniou: 0.0
***Stage done in: 108.78771831126778
---
Pairwise authors walk author_49266: 1
Target author global walk: 665
Sim score Jiawei Han - Alan Borning: 0.00022007042253521127
***Stage done in: 121.84960337366465
---
Pairwise authors walk author_5952300: 0
Target author global walk: 211
Sim score Jiawei Han - Peter J. Stuckey: 0.0
***Stage done in: 155.33159962999525
---
Pairwise authors walk author_1234238: 0
Target author global walk: 60
Sim score Jiawei Han - Narendra Ahuja: 0.0
***Stage done in: 125.86019290550121
---
Pairwise authors walk author_1009614: 10
Target author global walk: 782
Sim score Jiawei Han - Lotfi A. Zadeh: 0.0021727322107550242
***Stage done in: 145.427276191258
---
Pairwise authors walk author_1846324: 0
Target author global walk: 152
Sim score Jiawei Han - Yehoshua Perl: 0.0
***Stage done in: 175.11292945401146
---
Pairwise authors walk author_162282: 0
Target author global walk: 125
Sim score Jiawei Han - Aviezri S. Fraenkel: 0.0
***Stage done in: 150.86788006656025
---
Pairwise authors walk author_1528255: 0
Target author global walk: 4
Sim score Jiawei Han - Selina Chu: 0.0
***Stage done in: 164.65013105411617
---
Pairwise authors walk author_803602: 30
Target author global walk: 2425
Sim score Jiawei Han - Jiuyong Li: 0.0055309734513274336
***Stage done in: 224.3342277685897
---
Pairwise authors walk author_1835395: 30
Target author global walk: 2382
Sim score Jiawei Han - Yanchang Zhao: 0.005552984729291994
***Stage done in: 266.4504483295259
---
Pairwise authors walk author_271625: 31
Target author global walk: 3006
Sim score Jiawei Han - Chengqi Zhang: 0.0054247965701286205
***Stage done in: 328.0857496770168
---
Pairwise authors walk author_1286466: 0
Target author global walk: 416
Sim score Jiawei Han - Oscar H. Ibarra: 0.0
***Stage done in: 330.484551587082
---
Pairwise authors walk author_396942: 0
